WARNING at the command-line "--args":1:422: Build argument has no effect.
ohos_build_compiler_specified="gcc" product_path="/home/lzy/sam_share/W800_curtain/exp_fu/Hi3861V100R001C00SPC030_HOS/vendor/hisilicon/hi3861" device_path="/home/lzy/sam_share/W800_curtain/exp_fu/Hi3861V100R001C00SPC030_HOS/device/hisilicon/hi3861/sdk_liteos" ohos_kernel_type="liteos_m" disable_huks_binary = false disable_authenticate = false ohos_build_type="debug" ohos_build_time="1663261411146" ohos_build_datetime="2022-09-16 09:03:31" ohos_full_compile=true
                                                                                                                                                                                                                                                                                                                                                                                                                                     ^--------------------
The variable "ohos_build_datetime" was set as a build argument
but never appeared in a declare_args() block in any buildfile.

To view all possible args, run "gn args --list <out_dir>"

The build continued as if that argument was unspecified.

Done. Made 71 targets from 60 files in 117ms
ninja: Entering directory `/home/lzy/sam_share/W800_curtain/exp_fu/Hi3861V100R001C00SPC030_HOS/out/hi3861/hi3861'
[1/206] STAMP obj/applications/sample/wifi-iot/app/startup/startup.stamp
[2/206] STAMP obj/applications/sample/wifi-iot/app/app.stamp
[3/206] gcc cross compiler obj/base/hiviewdfx/hilog_lite/frameworks/mini/libhilog_lite.hiview_log_limit.o
[4/206] gcc cross compiler obj/base/hiviewdfx/hievent_lite/frameworks/libhievent_lite.hiview_event.o
[5/206] gcc cross compiler obj/base/hiviewdfx/hilog_lite/frameworks/mini/libhilog_lite.hiview_log.o
[6/206] gcc cross compiler obj/base/hiviewdfx/hilog_lite/frameworks/mini/libhilog_lite.hiview_output_log.o
[7/206] gcc cross compiler obj/base/hiviewdfx/hievent_lite/frameworks/libhievent_lite.hiview_output_event.o
[8/206] gcc cross compiler obj/base/hiviewdfx/hilog_lite/command/libhilog_lite_command.hilog_lite_command.o
[9/206] gcc cross compiler obj/base/hiviewdfx/hiview_lite/libhiview_lite.hiview_util.o
[10/206] AR libs/libhilog_lite_command.a
[11/206] gcc cross compiler obj/base/hiviewdfx/hiview_lite/libhiview_lite.hiview_config.o
[12/206] gcc cross compiler obj/base/hiviewdfx/hiview_lite/libhiview_lite.hiview_cache.o
[13/206] gcc cross compiler obj/base/hiviewdfx/hiview_lite/libhiview_lite.hiview_file.o
[14/206] gcc cross compiler obj/base/hiviewdfx/hiview_lite/libhiview_lite.hiview_service.o
[15/206] AR libs/libhiview_lite.a
[16/206] AR libs/libhievent_lite.a
[17/206] AR libs/libhilog_lite.a
[18/206] STAMP obj/base/hiviewdfx/hilog_lite/frameworks/mini/hilog_lite_ndk.stamp
[19/206] gcc cross compiler obj/base/security/deviceauth/frameworks/deviceauth_lite/source/auth_info/libhichainsdk.add_auth_info_client.o
[20/206] gcc cross compiler obj/base/security/deviceauth/frameworks/deviceauth_lite/source/auth_info/libhichainsdk.add_auth_info.o
[21/206] gcc cross compiler obj/base/security/deviceauth/frameworks/deviceauth_lite/source/auth_info/libhichainsdk.exchange_auth_info_client.o
[22/206] gcc cross compiler obj/base/security/deviceauth/frameworks/deviceauth_lite/source/auth_info/libhichainsdk.auth_info.o
[23/206] gcc cross compiler obj/base/security/deviceauth/frameworks/deviceauth_lite/source/auth_info/libhichainsdk.exchange_auth_info.o
[24/206] gcc cross compiler obj/base/security/deviceauth/frameworks/deviceauth_lite/source/auth_info/libhichainsdk.remove_auth_info_client.o
[25/206] STAMP obj/build/lite/ndk.stamp
[26/206] STAMP obj/base/startup/syspara_lite/frameworks/token/token_notes.stamp
[27/206] gcc cross compiler obj/base/startup/syspara_lite/frameworks/token/src/token_impl_hal/libtoken_static.token.o
[28/206] gcc cross compiler obj/base/security/deviceauth/frameworks/deviceauth_lite/source/libhichainsdk.hichain.o
[29/206] gcc cross compiler obj/base/startup/bootstrap_lite/services/source/libbootstrap.system_init.o
[30/206] gcc cross compiler obj/base/security/deviceauth/frameworks/deviceauth_lite/source/huks_adapter/libhichainsdk.huks_adapter.o
[31/206] gcc cross compiler obj/foundation/communication/softbus_lite/os_adapter/source/L0/libdiscovery.os_adapter.o
[32/206] gcc cross compiler obj/foundation/communication/softbus_lite/discovery/discovery_service/source/libdiscovery.discovery_service.o
[33/206] gcc cross compiler obj/base/security/deviceauth/frameworks/deviceauth_lite/source/json/libhichainsdk.commonutil.o
[34/206] gcc cross compiler obj/base/security/deviceauth/frameworks/deviceauth_lite/source/json/libhichainsdk.jsonutil.o
[35/206] gcc cross compiler obj/base/security/deviceauth/frameworks/deviceauth_lite/source/key_agreement/libhichainsdk.key_agreement.o
[36/206] gcc cross compiler obj/base/security/deviceauth/frameworks/deviceauth_lite/source/key_agreement/libhichainsdk.key_agreement_client.o
[37/206] gcc cross compiler obj/base/security/deviceauth/frameworks/deviceauth_lite/source/key_agreement/libhichainsdk.key_agreement_server.o
[38/206] gcc cross compiler obj/base/security/deviceauth/frameworks/deviceauth_lite/source/key_agreement/libhichainsdk.sec_clone_server.o
[39/206] gcc cross compiler obj/base/security/deviceauth/frameworks/deviceauth_lite/source/key_agreement/libhichainsdk.pake_client.o
[40/206] gcc cross compiler obj/base/security/deviceauth/frameworks/deviceauth_lite/source/key_agreement/libhichainsdk.sts_client.o
[41/206] gcc cross compiler obj/base/security/deviceauth/frameworks/deviceauth_lite/source/key_agreement/libhichainsdk.pake_server.o
[42/206] gcc cross compiler obj/base/security/deviceauth/frameworks/deviceauth_lite/source/key_agreement/libhichainsdk.sts_server.o
[43/206] gcc cross compiler obj/base/security/deviceauth/frameworks/deviceauth_lite/source/struct/libhichainsdk.add_auth_info_request.o
[44/206] gcc cross compiler obj/base/security/deviceauth/frameworks/deviceauth_lite/source/log/libhichainsdk.log.o
[45/206] gcc cross compiler obj/base/security/deviceauth/frameworks/deviceauth_lite/source/struct/libhichainsdk.add_auth_info_data.o
[46/206] gcc cross compiler obj/base/security/deviceauth/frameworks/deviceauth_lite/source/schedule/libhichainsdk.distribution.o
[47/206] gcc cross compiler obj/base/security/deviceauth/frameworks/deviceauth_lite/source/schedule/libhichainsdk.build_object.o
[48/206] gcc cross compiler obj/base/security/deviceauth/frameworks/deviceauth_lite/source/struct/libhichainsdk.add_auth_info_response.o
[49/206] gcc cross compiler obj/base/security/deviceauth/frameworks/deviceauth_lite/source/struct/libhichainsdk.auth_start_response.o
[50/206] gcc cross compiler obj/base/security/deviceauth/frameworks/deviceauth_lite/source/struct/libhichainsdk.auth_ack_request.o
[51/206] gcc cross compiler obj/base/security/deviceauth/frameworks/deviceauth_lite/source/struct/libhichainsdk.auth_start_request.o
[52/206] gcc cross compiler obj/base/security/deviceauth/frameworks/deviceauth_lite/source/struct/libhichainsdk.auth_ack_response.o
[53/206] gcc cross compiler obj/base/security/deviceauth/frameworks/deviceauth_lite/source/struct/libhichainsdk.exchange_auth_data.o
[54/206] gcc cross compiler obj/base/security/deviceauth/frameworks/deviceauth_lite/source/struct/libhichainsdk.exchange_request.o
[55/206] gcc cross compiler obj/base/security/deviceauth/frameworks/deviceauth_lite/source/struct/libhichainsdk.exchange_response.o
[56/206] gcc cross compiler obj/base/security/deviceauth/frameworks/deviceauth_lite/source/struct/libhichainsdk.inform_message.o
[57/206] gcc cross compiler obj/base/security/deviceauth/frameworks/deviceauth_lite/source/struct/libhichainsdk.import_add_auth_data.o
[58/206] gcc cross compiler obj/base/security/deviceauth/frameworks/deviceauth_lite/source/struct/libhichainsdk.key_agreement_version.o
[59/206] gcc cross compiler obj/base/security/deviceauth/frameworks/deviceauth_lite/source/struct/libhichainsdk.pake_client_confirm.o
[60/206] gcc cross compiler obj/base/security/deviceauth/frameworks/deviceauth_lite/source/struct/libhichainsdk.pake_request.o
[61/206] gcc cross compiler obj/base/security/deviceauth/frameworks/deviceauth_lite/source/struct/libhichainsdk.parsedata.o
[62/206] gcc cross compiler obj/base/security/deviceauth/frameworks/deviceauth_lite/source/struct/libhichainsdk.pake_response.o
[63/206] gcc cross compiler obj/base/security/deviceauth/frameworks/deviceauth_lite/source/struct/libhichainsdk.pake_server_confirm.o
[64/206] gcc cross compiler obj/base/security/deviceauth/frameworks/deviceauth_lite/source/struct/libhichainsdk.rmv_auth_info_response.o
[65/206] gcc cross compiler obj/base/security/deviceauth/frameworks/deviceauth_lite/source/struct/libhichainsdk.rmv_auth_info_request.o
[66/206] gcc cross compiler obj/base/security/deviceauth/frameworks/deviceauth_lite/source/struct/libhichainsdk.rmv_auth_info_data.o
[67/206] STAMP obj/base/security/huks/frameworks/huks_lite/huks_sdk.stamp
[68/206] gcc cross compiler obj/base/security/deviceauth/frameworks/deviceauth_lite/source/struct/libhichainsdk.sec_clone_data.o
[69/206] gcc cross compiler obj/base/update/ota_lite/frameworks/source/verify/libhota.app_sha256.o
[70/206] gcc cross compiler obj/base/update/ota_lite/frameworks/source/verify/libhota.hota_verify.o
[71/206] AR libs/libhichainsdk.a
[72/206] STAMP obj/base/security/deviceauth/frameworks/deviceauth_lite/hichainsdk.stamp
[73/206] gcc cross compiler obj/base/update/ota_lite/frameworks/source/verify/libhota.app_rsa.o
[74/206] STAMP obj/base/update/ota_lite/frameworks/test.stamp
[75/206] gcc cross compiler obj/base/startup/bootstrap_lite/services/source/libbootstrap.bootstrap_service.o
[76/206] AR libs/libbootstrap.a
[77/206] STAMP obj/base/update/ota_lite/frameworks/update_api.stamp
[78/206] gcc cross compiler obj/base/startup/syspara_lite/frameworks/parameter/src/param_impl_hal/libsysparam.param_impl_hal.o
[79/206] gcc cross compiler obj/base/startup/syspara_lite/frameworks/parameter/src/libsysparam.parameter_common.o
[80/206] STAMP obj/build/lite/config/component/cJSON/cjson_shared.stamp
[81/206] gcc cross compiler obj/device/hisilicon/hi3861/hi3861_adapter/hals/communication/wifi_lite/wifiservice/source/libwifiservice.wifi_hotspot.o
../../../device/hisilicon/hi3861/hi3861_adapter/hals/communication/wifi_lite/wifiservice/source/wifi_hotspot.c: In function 'GetPeerSTAWifiIp':
../../../device/hisilicon/hi3861/hi3861_adapter/hals/communication/wifi_lite/wifiservice/source/wifi_hotspot.c:236:52: warning: passing argument 2 of 'netifapi_dhcps_get_client_ip' discards 'const' qualifier from pointer target type [-Wdiscarded-qualifiers]
     ret = netifapi_dhcps_get_client_ip(netif_node, macAddress, macLen, &clientIP);
                                                    ^~~~~~~~~~
In file included from ../../../device/hisilicon/hi3861/hi3861_adapter/hals/communication/wifi_lite/wifiservice/source/wifi_hotspot.c:19:0:
../../../device/hisilicon/hi3861/sdk_liteos/third_party/lwip_sack/include/lwip/netifapi.h:772:7: note: expected 'u8_t * {aka unsigned char *}' but argument is of type 'const unsigned char *'
 err_t netifapi_dhcps_get_client_ip(struct netif *netif, u8_t *mac, u8_t maclen, ip_addr_t *ip);
       ^~~~~~~~~~~~~~~~~~~~~~~~~~~~
../../../device/hisilicon/hi3861/hi3861_adapter/hals/communication/wifi_lite/wifiservice/source/wifi_hotspot.c:236:72: warning: passing argument 4 of 'netifapi_dhcps_get_client_ip' from incompatible pointer type [-Wincompatible-pointer-types]
     ret = netifapi_dhcps_get_client_ip(netif_node, macAddress, macLen, &clientIP);
                                                                        ^
In file included from ../../../device/hisilicon/hi3861/hi3861_adapter/hals/communication/wifi_lite/wifiservice/source/wifi_hotspot.c:19:0:
../../../device/hisilicon/hi3861/sdk_liteos/third_party/lwip_sack/include/lwip/netifapi.h:772:7: note: expected 'ip_addr_t * {aka struct ip_addr *}' but argument is of type 'ip4_addr_t * {aka struct ip4_addr *}'
 err_t netifapi_dhcps_get_client_ip(struct netif *netif, u8_t *mac, u8_t maclen, ip_addr_t *ip);
       ^~~~~~~~~~~~~~~~~~~~~~~~~~~~
[82/206] gcc cross compiler obj/device/hisilicon/hi3861/hi3861_adapter/hals/communication/wifi_lite/wifiservice/source/libwifiservice.wifi_device_util.o
[83/206] gcc cross compiler obj/base/update/ota_lite/frameworks/source/updater/libhota.hota_updater.o
[84/206] gcc cross compiler obj/device/hisilicon/hi3861/hi3861_adapter/hals/communication/wifi_lite/wifiservice/source/libwifiservice.wifi_device.o
../../../device/hisilicon/hi3861/hi3861_adapter/hals/communication/wifi_lite/wifiservice/source/wifi_device.c:41:5: warning: braces around scalar initializer
     {0}, {0}, {0}, 0, WIFI_CONFIG_INVALID, 0, 0, UNKNOWN, {0, 0, {0, 0}, 0}
     ^
../../../device/hisilicon/hi3861/hi3861_adapter/hals/communication/wifi_lite/wifiservice/source/wifi_device.c:41:5: note: (near initialization for 'g_wifiConfigs[3].ssid[5]')
../../../device/hisilicon/hi3861/hi3861_adapter/hals/communication/wifi_lite/wifiservice/source/wifi_device.c:41:63: warning: excess elements in scalar initializer
     {0}, {0}, {0}, 0, WIFI_CONFIG_INVALID, 0, 0, UNKNOWN, {0, 0, {0, 0}, 0}
                                                               ^
../../../device/hisilicon/hi3861/hi3861_adapter/hals/communication/wifi_lite/wifiservice/source/wifi_device.c:41:63: note: (near initialization for 'g_wifiConfigs[3].ssid[5]')
../../../device/hisilicon/hi3861/hi3861_adapter/hals/communication/wifi_lite/wifiservice/source/wifi_device.c:41:5: warning: braces around scalar initializer
     {0}, {0}, {0}, 0, WIFI_CONFIG_INVALID, 0, 0, UNKNOWN, {0, 0, {0, 0}, 0}
     ^
../../../device/hisilicon/hi3861/hi3861_adapter/hals/communication/wifi_lite/wifiservice/source/wifi_device.c:41:5: note: (near initialization for 'g_wifiConfigs[3].ssid[5]')
../../../device/hisilicon/hi3861/hi3861_adapter/hals/communication/wifi_lite/wifiservice/source/wifi_device.c:41:70: warning: excess elements in scalar initializer
     {0}, {0}, {0}, 0, WIFI_CONFIG_INVALID, 0, 0, UNKNOWN, {0, 0, {0, 0}, 0}
                                                                      ^
../../../device/hisilicon/hi3861/hi3861_adapter/hals/communication/wifi_lite/wifiservice/source/wifi_device.c:41:70: note: (near initialization for 'g_wifiConfigs[3].ssid[5]')
../../../device/hisilicon/hi3861/hi3861_adapter/hals/communication/wifi_lite/wifiservice/source/wifi_device.c:41:66: warning: excess elements in scalar initializer
     {0}, {0}, {0}, 0, WIFI_CONFIG_INVALID, 0, 0, UNKNOWN, {0, 0, {0, 0}, 0}
                                                                  ^
../../../device/hisilicon/hi3861/hi3861_adapter/hals/communication/wifi_lite/wifiservice/source/wifi_device.c:41:66: note: (near initialization for 'g_wifiConfigs[3].ssid[5]')
../../../device/hisilicon/hi3861/hi3861_adapter/hals/communication/wifi_lite/wifiservice/source/wifi_device.c:41:74: warning: excess elements in scalar initializer
     {0}, {0}, {0}, 0, WIFI_CONFIG_INVALID, 0, 0, UNKNOWN, {0, 0, {0, 0}, 0}
                                                                          ^
../../../device/hisilicon/hi3861/hi3861_adapter/hals/communication/wifi_lite/wifiservice/source/wifi_device.c:41:74: note: (near initialization for 'g_wifiConfigs[3].ssid[5]')
../../../device/hisilicon/hi3861/hi3861_adapter/hals/communication/wifi_lite/wifiservice/source/wifi_device.c:42:1: warning: missing initializer for field 'bssid' of 'WifiDeviceConfig {aka struct WifiDeviceConfig}' [-Wmissing-field-initializers]
 };
 ^
In file included from ../../../foundation/communication/wifi_lite/interfaces/wifiservice/wifi_linked_info.h:40:0,
                 from ../../../foundation/communication/wifi_lite/interfaces/wifiservice/wifi_event.h:41,
                 from ../../../foundation/communication/wifi_lite/interfaces/wifiservice/wifi_device.h:41,
                 from ../../../device/hisilicon/hi3861/hi3861_adapter/hals/communication/wifi_lite/wifiservice/source/wifi_device.c:16:
../../../foundation/communication/wifi_lite/interfaces/wifiservice/wifi_device_config.h:161:19: note: 'bssid' declared here
     unsigned char bssid[WIFI_MAC_LEN];
                   ^~~~~
../../../device/hisilicon/hi3861/hi3861_adapter/hals/communication/wifi_lite/wifiservice/source/wifi_device.c:40:63: warning: missing braces around initializer [-Wmissing-braces]
 static WifiDeviceConfig g_wifiConfigs[WIFI_MAX_CONFIG_SIZE] = {
                                                               ^
     {0}, {0}, {0}, 0, WIFI_CONFIG_INVALID, 0, 0, UNKNOWN, {0, 0, {0, 0}, 0}
      {}   {}   {}  {
                    {
 };
 }
 }
../../../device/hisilicon/hi3861/hi3861_adapter/hals/communication/wifi_lite/wifiservice/source/wifi_device.c: In function 'StaSetLocaladdr':
../../../device/hisilicon/hi3861/hi3861_adapter/hals/communication/wifi_lite/wifiservice/source/wifi_device.c:165:29: warning: passing argument 1 of 'netifapi_netif_set_addr' discards 'const' qualifier from pointer target type [-Wdiscarded-qualifiers]
     netifapi_netif_set_addr(netif, &st_ipaddr, &st_netmask, &st_gw);
                             ^~~~~
In file included from ../../../device/hisilicon/hi3861/hi3861_adapter/hals/communication/wifi_lite/wifiservice/source/wifi_device.c:23:0:
../../../device/hisilicon/hi3861/sdk_liteos/third_party/lwip_sack/include/lwip/netifapi.h:93:7: note: expected 'struct netif *' but argument is of type 'const struct netif *'
 err_t netifapi_netif_set_addr(struct netif *netif, const ip4_addr_t *ipaddr,
       ^~~~~~~~~~~~~~~~~~~~~~~
../../../device/hisilicon/hi3861/hi3861_adapter/hals/communication/wifi_lite/wifiservice/source/wifi_device.c: In function 'StaSetDNSServer':
../../../device/hisilicon/hi3861/hi3861_adapter/hals/communication/wifi_lite/wifiservice/source/wifi_device.c:178:9: warning: implicit declaration of function 'lwip_dns_setserver'; did you mean 'nd_ns_reserved'? [-Wimplicit-function-declaration]
         lwip_dns_setserver(i, &tmp_dns_ser[i]);
         ^~~~~~~~~~~~~~~~~~
         nd_ns_reserved
[85/206] AR libs/libwifiservice.a
[86/206] STAMP obj/device/hisilicon/hi3861/hi3861.stamp
[87/206] STAMP obj/device/hisilicon/hi3861/hi3861_adapter/hals/communication/wifi_lite/wifiservice/wifiservice_ndk.stamp
[88/206] gcc cross compiler obj/device/hisilicon/hi3861/hi3861_adapter/hals/iot_hardware/wifiiot_lite/libhal_iothardware.hal_iot_flash.o
[89/206] gcc cross compiler obj/third_party/cJSON/libcjson_static.cJSON_Utils.o
[90/206] gcc cross compiler obj/device/hisilicon/hi3861/hi3861_adapter/hals/iot_hardware/wifiiot_lite/libhal_iothardware.hal_iot_i2c.o
../../../device/hisilicon/hi3861/hi3861_adapter/hals/iot_hardware/wifiiot_lite/hal_iot_i2c.c: In function 'IoTI2cWrite':
../../../device/hisilicon/hi3861/hi3861_adapter/hals/iot_hardware/wifiiot_lite/hal_iot_i2c.c:25:22: warning: assignment discards 'const' qualifier from pointer target type [-Wdiscarded-qualifiers]
     i2cData.send_buf = data;
                      ^
[91/206] gcc cross compiler obj/device/hisilicon/hi3861/hi3861_adapter/hals/iot_hardware/wifiiot_lite/libhal_iothardware.hal_iot_gpio.o
../../../device/hisilicon/hi3861/hi3861_adapter/hals/iot_hardware/wifiiot_lite/hal_iot_gpio.c: In function 'IoTGpioSetOutputVal':
../../../device/hisilicon/hi3861/hi3861_adapter/hals/iot_hardware/wifiiot_lite/hal_iot_gpio.c:59:12: warning: implicit declaration of function 'hi_gpio_set_ouput_val'; did you mean 'hi_gpio_set_output_val'? [-Wimplicit-function-declaration]
     return hi_gpio_set_ouput_val((hi_gpio_idx)id, (hi_gpio_value)val);
            ^~~~~~~~~~~~~~~~~~~~~
            hi_gpio_set_output_val
[92/206] gcc cross compiler obj/device/hisilicon/hi3861/hi3861_adapter/hals/iot_hardware/wifiiot_lite/libhal_iothardware.hal_iot_pwm.o
[93/206] gcc cross compiler obj/device/hisilicon/hi3861/hi3861_adapter/hals/iot_hardware/wifiiot_lite/libhal_iothardware.hal_iot_uart.o
[94/206] gcc cross compiler obj/device/hisilicon/hi3861/hi3861_adapter/hals/communication/wifi_lite/wifiaware/source/libhal_wifiaware.hal_wifiaware.o
[95/206] AR libs/libhal_wifiaware.a
[96/206] gcc cross compiler obj/device/hisilicon/hi3861/hi3861_adapter/hals/iot_hardware/wifiiot_lite/libhal_iothardware.hal_iot_watchdog.o
[97/206] gcc cross compiler obj/device/hisilicon/hi3861/hi3861_adapter/hals/iot_hardware/wifiiot_lite/libhal_iothardware.hal_lowpower.o
[98/206] gcc cross compiler obj/device/hisilicon/hi3861/hi3861_adapter/hals/iot_hardware/wifiiot_lite/libhal_iothardware.hal_reset.o
[99/206] gcc cross compiler obj/device/hisilicon/hi3861/hi3861_adapter/hals/update/libhal_update_static.hal_hota_board.o
[100/206] AR libs/libhal_update_static.a
[101/206] AR libs/libhal_iothardware.a
[102/206] STAMP obj/base/iot_hardware/peripheral/iothardware.stamp
[103/206] STAMP obj/base/iot_hardware/peripheral/iothardware_ndk.stamp
[104/206] gcc cross compiler obj/device/hisilicon/hi3861/hi3861_adapter/hals/utils/file/src/libhal_file_static.hal_file.o
[105/206] AR libs/libhal_file_static.a
[106/206] STAMP obj/domains/iot/link/link.stamp
[107/206] STAMP obj/domains/iot/link/iot.stamp
[108/206] gcc cross compiler obj/third_party/cJSON/libcjson_static.cJSON.o
[109/206] AR libs/libcjson_static.a
[110/206] STAMP obj/build/lite/config/component/cJSON/cjson_ndk.stamp
[111/206] gcc cross compiler obj/device/hisilicon/hi3861/hi3861_adapter/kal/posix/src/libposix.pthread.o
[112/206] gcc cross compiler obj/device/hisilicon/hi3861/hi3861_adapter/kal/cmsis/libcmsis.cmsis_liteos.o
[113/206] gcc cross compiler obj/device/hisilicon/hi3861/hi3861_adapter/kal/posix/src/libposix.pthread_attr.o
[114/206] AR libs/libcmsis.a
[115/206] gcc cross compiler obj/device/hisilicon/hi3861/hi3861_adapter/kal/posix/src/libposix.libc.o
[116/206] gcc cross compiler obj/device/hisilicon/hi3861/hi3861_adapter/kal/posix/src/libposix.time.o
[117/206] gcc cross compiler obj/foundation/communication/softbus_lite/discovery/coap/source/libdiscovery.nstackx_device.o
[118/206] gcc cross compiler obj/device/hisilicon/hi3861/hi3861_adapter/kal/posix/src/libposix.file.o
[119/206] AR libs/libposix.a
[120/206] STAMP obj/device/hisilicon/hi3861/hi3861_adapter/kal/kal.stamp
[121/206] STAMP obj/device/hisilicon/hi3861/sdk_liteos/sdk.stamp
[122/206] gcc cross compiler obj/foundation/communication/softbus_lite/discovery/discovery_service/source/libdiscovery.coap_service.o
[123/206] STAMP obj/device/hisilicon/hi3861/sdk_liteos/wifiiot_sdk.stamp
[124/206] gcc cross compiler obj/foundation/communication/softbus_lite/trans_service/source/libdistbus/libtrans_service.tcp_session.o
[125/206] gcc cross compiler obj/foundation/communication/softbus_lite/discovery/discovery_service/source/libdiscovery.common_info_manager.o
[126/206] gcc cross compiler obj/foundation/communication/softbus_lite/trans_service/source/libdistbus/libtrans_service.auth_conn_manager.o
[127/206] gcc cross compiler obj/foundation/communication/softbus_lite/authmanager/source/libauthmanager.auth_conn.o
[128/206] gcc cross compiler obj/foundation/communication/softbus_lite/authmanager/source/libauthmanager.msg_get_deviceid.o
[129/206] gcc cross compiler obj/foundation/communication/softbus_lite/authmanager/source/libauthmanager.bus_manager.o
[130/206] gcc cross compiler obj/foundation/communication/softbus_lite/authmanager/source/libauthmanager.auth_interface.o
[131/206] gcc cross compiler obj/foundation/communication/softbus_lite/authmanager/source/libauthmanager.wifi_auth_manager.o
[132/206] AR libs/libauthmanager.a
[133/206] gcc cross compiler obj/foundation/communication/softbus_lite/discovery/coap/source/libdiscovery.coap_socket.o
[134/206] gcc cross compiler obj/foundation/communication/softbus_lite/discovery/coap/source/libdiscovery.coap_adapter.o
[135/206] gcc cross compiler obj/foundation/communication/softbus_lite/discovery/coap/source/libdiscovery.json_payload.o
[136/206] gcc cross compiler obj/foundation/communication/softbus_lite/discovery/coap/source/libdiscovery.coap_discover.o
[137/206] STAMP obj/foundation/communication/wifi_lite/wifi.stamp
[138/206] COPY ../../../foundation/distributedschedule/samgr_lite/config/system_capability.json obj/foundation/distributedschedule/samgr_lite/config/system_capability.json
[139/206] STAMP obj/foundation/distributedschedule/samgr_lite/ConfigFiles.stamp
[140/206] gcc cross compiler obj/foundation/communication/wifi_aware/frameworks/source/libwifiaware.wifiaware.o
[141/206] gcc cross compiler obj/foundation/communication/softbus_lite/discovery/coap/source/libdiscovery.nstackx_common.o
[142/206] AR libs/libwifiaware.a
[143/206] AR libs/libdiscovery.a
[144/206] STAMP obj/foundation/communication/softbus_lite/discovery_ndk.stamp
[145/206] gcc cross compiler obj/foundation/communication/softbus_lite/trans_service/source/libdistbus/libtrans_service.trans_lock.o
[146/206] gcc cross compiler obj/foundation/communication/softbus_lite/trans_service/source/utils/libtrans_service.message.o
[147/206] gcc cross compiler obj/foundation/communication/softbus_lite/trans_service/source/utils/libtrans_service.aes_gcm.o
[148/206] gcc cross compiler obj/foundation/distributedschedule/samgr_lite/samgr/source/libsamgr_source.common.o
[149/206] gcc cross compiler obj/foundation/distributedschedule/samgr_lite/samgr/source/libsamgr_source.feature.o
[150/206] gcc cross compiler obj/foundation/distributedschedule/samgr_lite/samgr/source/libsamgr_source.iunknown.o
[151/206] gcc cross compiler obj/foundation/communication/softbus_lite/trans_service/source/utils/libtrans_service.tcp_socket.o
[152/206] gcc cross compiler obj/foundation/distributedschedule/samgr_lite/samgr/registry/libsamgr.service_registry.o
[153/206] gcc cross compiler obj/foundation/distributedschedule/samgr_lite/samgr/source/libsamgr_source.message.o
[154/206] gcc cross compiler obj/foundation/communication/softbus_lite/trans_service/source/libdistbus/libtrans_service.tcp_session_manager.o
[155/206] AR libs/libtrans_service.a
[156/206] STAMP obj/foundation/communication/softbus_lite/softbus.stamp
[157/206] STAMP obj/foundation/communication/softbus_lite/trans_service_ndk.stamp
[158/206] gcc cross compiler obj/foundation/distributedschedule/samgr_lite/communication/broadcast/source/libbroadcast.broadcast_service.o
[159/206] gcc cross compiler obj/foundation/distributedschedule/samgr_lite/samgr/source/libsamgr.samgr_lite.o
[160/206] STAMP obj/foundation/communication/softbus_lite/softbus_lite_ndk.stamp
[161/206] gcc cross compiler obj/foundation/distributedschedule/samgr_lite/samgr/source/libsamgr_source.service.o
[162/206] gcc cross compiler obj/foundation/distributedschedule/samgr_lite/communication/broadcast/source/libbroadcast.pub_sub_feature.o
[163/206] gcc cross compiler obj/foundation/distributedschedule/samgr_lite/communication/broadcast/source/libbroadcast.pub_sub_implement.o
[164/206] gcc cross compiler obj/foundation/distributedschedule/samgr_lite/samgr/source/libsamgr_source.task_manager.o
[165/206] AR libs/libbroadcast.a
[166/206] gcc cross compiler obj/foundation/distributedschedule/samgr_lite/samgr/adapter/cmsis/libsamgr_adapter.time_adapter.o
cc1: warning: ../../../kernel/liteos_m/kal/posix/include/malloc.h: not a directory
[167/206] gcc cross compiler obj/foundation/distributedschedule/samgr_lite/samgr/adapter/cmsis/libsamgr_adapter.memory_adapter.o
cc1: warning: ../../../kernel/liteos_m/kal/posix/include/malloc.h: not a directory
[168/206] gcc cross compiler obj/foundation/distributedschedule/samgr_lite/samgr/adapter/cmsis/libsamgr_adapter.queue_adapter.o
cc1: warning: ../../../kernel/liteos_m/kal/posix/include/malloc.h: not a directory
[169/206] gcc cross compiler obj/foundation/distributedschedule/samgr_lite/samgr/adapter/cmsis/libsamgr_adapter.thread_adapter.o
cc1: warning: ../../../kernel/liteos_m/kal/posix/include/malloc.h: not a directory
[170/206] AR libs/libsamgr_adapter.a
[171/206] AR libs/libsamgr_source.a
[172/206] AR libs/libsamgr.a
[173/206] STAMP obj/foundation/distributedschedule/samgr_lite/samgr_lite_ndk.stamp
[174/206] STAMP obj/foundation/distributedschedule/samgr_lite/samgr.stamp
[175/206] gcc cross compiler obj/utils/native/lite/os_dump/libdump_static.dump_syspara.o
In file included from ../../../utils/native/lite/os_dump/dump_syspara.c:16:0:
../../../utils/native/lite/os_dump/dump_syspara.h:21:5: warning: function declaration isn't a prototype [-Wstrict-prototypes]
     char *(*getInfoValue)();
     ^~~~
../../../utils/native/lite/os_dump/dump_syspara.h:24:1: warning: function declaration isn't a prototype [-Wstrict-prototypes]
 int QuerySysparaCmd();
 ^~~
../../../utils/native/lite/os_dump/dump_syspara.c:50:5: warning: function declaration isn't a prototype [-Wstrict-prototypes]
 int QuerySysparaCmd()
     ^~~~~~~~~~~~~~~
[176/206] gcc cross compiler obj/utils/native/lite/os_dump/libdump_static.hilink_token.o
../../../utils/native/lite/os_dump/hilink_token.c: In function 'cmd_set_systoken':
../../../utils/native/lite/os_dump/hilink_token.c:42:6: warning: implicit declaration of function 'at_param_null_check' [-Wimplicit-function-declaration]
  if (at_param_null_check(argc, argv) == HI_ERR_FAILURE) { /* check null */
      ^~~~~~~~~~~~~~~~~~~
../../../utils/native/lite/os_dump/hilink_token.c:42:38: warning: comparison between signed and unsigned integer expressions [-Wsign-compare]
  if (at_param_null_check(argc, argv) == HI_ERR_FAILURE) { /* check null */
                                      ^~
../../../utils/native/lite/os_dump/hilink_token.c:45:6: warning: implicit declaration of function 'strlen' [-Wimplicit-function-declaration]
  if (strlen(argv[0]) + strlen(argv[1]) + strlen(argv[2]) + strlen(argv[3])
      ^~~~~~
../../../utils/native/lite/os_dump/hilink_token.c:50:2: warning: implicit declaration of function 'sprintf'; did you mean 'hi_at_printf'? [-Wimplicit-function-declaration]
  sprintf(hilink_token, "%s,%s,%s,%s", argv[0], argv[1], argv[2], argv[3]);
  ^~~~~~~
  hi_at_printf
../../../utils/native/lite/os_dump/hilink_token.c: In function 'at_exe_rfactory_cmd':
../../../utils/native/lite/os_dump/hilink_token.c:63:2: warning: implicit declaration of function 'HILINK_RestoreFactorySettings' [-Wimplicit-function-declaration]
  HILINK_RestoreFactorySettings();
  ^~~~~~~~~~~~~~~~~~~~~~~~~~~~~
../../../utils/native/lite/os_dump/hilink_token.c:64:2: warning: implicit declaration of function 'HILINK_Reset'; did you mean 'HILINK_TOKEN_H'? [-Wimplicit-function-declaration]
  HILINK_Reset();
  ^~~~~~~~~~~~
  HILINK_TOKEN_H
[177/206] gcc cross compiler obj/utils/native/lite/file/src/file_impl_hal/libnative_file.file.o
[178/206] AR libs/libnative_file.a
[179/206] STAMP obj/utils/native/lite/file/file.stamp
[180/206] gcc cross compiler obj/vendor/hisilicon/hi3861/hals/utils/token/liboem_auth_config.oem_auth_config.o
../../../vendor/hisilicon/hi3861/hals/utils/token/oem_auth_config.c: In function 'OEMReadAuthServerInfo':
../../../vendor/hisilicon/hi3861/hals/utils/token/oem_auth_config.c:25:37: warning: unused parameter 'buff' [-Wunused-parameter]
 int32_t OEMReadAuthServerInfo(char* buff, uint32_t len)
                                     ^~~~
../../../vendor/hisilicon/hi3861/hals/utils/token/oem_auth_config.c:25:52: warning: unused parameter 'len' [-Wunused-parameter]
 int32_t OEMReadAuthServerInfo(char* buff, uint32_t len)
                                                    ^~~
[181/206] gcc cross compiler obj/utils/native/lite/kv_store/src/kvstore_common/libutils_kv_store.kvstore_common.o
[182/206] STAMP obj/vendor/hisilicon/hi3861/hi3861.stamp
[183/206] AR libs/liboem_auth_config.a
[184/206] gcc cross compiler obj/utils/native/lite/kv_store/src/kvstore_impl_hal/libutils_kv_store.kv_store.o
[185/206] AR libs/libutils_kv_store.a
[186/206] STAMP obj/utils/native/lite/kv_store/kv_store.stamp
[187/206] gcc cross compiler obj/vendor/hisilicon/hi3861/hals/utils/sys_param/libhal_sysparam.hal_sys_param.o
../../../vendor/hisilicon/hi3861/hals/utils/sys_param/hal_sys_param.c:46:19: warning: 'OHOS_SERIAL' defined but not used [-Wunused-const-variable=]
 static const char OHOS_SERIAL[] = {"1234567890"};  // provided by OEM.
                   ^~~~~~~~~~~
[188/206] AR libs/libhal_sysparam.a
[189/206] gcc cross compiler obj/vendor/hisilicon/hi3861/hals/utils/token/liboem_auth_result_storage.oem_auth_result_storage.o
../../../vendor/hisilicon/hi3861/hals/utils/token/oem_auth_result_storage.c: In function 'WriteFile':
../../../vendor/hisilicon/hi3861/hals/utils/token/oem_auth_result_storage.c:79:43: warning: comparison between signed and unsigned integer expressions [-Wsign-compare]
     if (UtilsFileWrite(fd, data, dataLen) != dataLen) {
                                           ^~
../../../vendor/hisilicon/hi3861/hals/utils/token/oem_auth_result_storage.c: In function 'ReadFile':
../../../vendor/hisilicon/hi3861/hals/utils/token/oem_auth_result_storage.c:112:45: warning: comparison between signed and unsigned integer expressions [-Wsign-compare]
     if (UtilsFileRead(fd, buffer, fileSize) != fileSize) {
                                             ^~
[190/206] AR libs/libsysparam.a
[191/206] AR libs/liboem_auth_result_storage.a
[192/206] AR libs/libhota.a
[193/206] STAMP obj/base/startup/syspara_lite/frameworks/parameter/parameter.stamp
[194/206] STAMP obj/base/update/ota_lite/frameworks/ota_lite.stamp
[195/206] STAMP obj/base/startup/syspara_lite/frameworks/parameter/parameter_notes.stamp
[196/206] AR libs/libdump_static.a
[197/206] STAMP obj/utils/native/lite/os_dump/utils_os_dump.stamp
[198/206] gcc cross compiler obj/vendor/hisilicon/hi3861/hals/utils/token/libhal_token_static.hal_token.o
../../../vendor/hisilicon/hi3861/hals/utils/token/hal_token.c: In function 'FlashWriteTokenRawData':
../../../vendor/hisilicon/hi3861/hals/utils/token/hal_token.c:67:36: warning: pointer targets in passing argument 3 of 'hi_flash_write' differ in signedness [-Wpointer-sign]
     if (hi_flash_write(start, len, tokenRawData, 1) != 0) {
                                    ^~~~~~~~~~~~
In file included from ../../../vendor/hisilicon/hi3861/hals/utils/token/hal_token.c:20:0:
../../../device/hisilicon/hi3861/sdk_liteos/include/base/hi_flash.h:80:8: note: expected 'const hi_u8 * {aka const unsigned char *}' but argument is of type 'const char *'
 hi_u32 hi_flash_write(const hi_u32 flash_offset, hi_u32 size, const hi_u8 *ram_data, hi_bool do_erase);
        ^~~~~~~~~~~~~~
../../../vendor/hisilicon/hi3861/hals/utils/token/hal_token.c: In function 'HalTokenFlashErase':
../../../vendor/hisilicon/hi3861/hals/utils/token/hal_token.c:93:45: warning: pointer targets in passing argument 3 of 'hi_flash_write' differ in signedness [-Wpointer-sign]
     if (hi_flash_write(start, sizeof(buff), buff, 1) != 0) {
                                             ^~~~
In file included from ../../../vendor/hisilicon/hi3861/hals/utils/token/hal_token.c:20:0:
../../../device/hisilicon/hi3861/sdk_liteos/include/base/hi_flash.h:80:8: note: expected 'const hi_u8 * {aka const unsigned char *}' but argument is of type 'char *'
 hi_u32 hi_flash_write(const hi_u32 flash_offset, hi_u32 size, const hi_u8 *ram_data, hi_bool do_erase);
        ^~~~~~~~~~~~~~
../../../vendor/hisilicon/hi3861/hals/utils/token/hal_token.c: At top level:
../../../vendor/hisilicon/hi3861/hals/utils/token/hal_token.c:105:5: warning: function declaration isn't a prototype [-Wstrict-prototypes]
 int HalTokenFlashInit()
     ^~~~~~~~~~~~~~~~~
../../../vendor/hisilicon/hi3861/hals/utils/token/hal_token.c: In function 'HalTokenFlashInit':
../../../vendor/hisilicon/hi3861/hals/utils/token/hal_token.c:110:23: warning: comparison between signed and unsigned integer expressions [-Wsign-compare]
     for (int i = 0; i < sizeof(addrs) / sizeof(addrs[0]); i++) {
                       ^
../../../vendor/hisilicon/hi3861/hals/utils/token/hal_token.c: In function 'FlashReadTokenRawData':
../../../vendor/hisilicon/hi3861/hals/utils/token/hal_token.c:138:35: warning: pointer targets in passing argument 3 of 'hi_flash_read' differ in signedness [-Wpointer-sign]
     if (hi_flash_read(start, len, tokenRawData) != 0) {
                                   ^~~~~~~~~~~~
In file included from ../../../vendor/hisilicon/hi3861/hals/utils/token/hal_token.c:20:0:
../../../device/hisilicon/hi3861/sdk_liteos/include/base/hi_flash.h:45:8: note: expected 'hi_u8 * {aka unsigned char *}' but argument is of type 'char *'
 hi_u32 hi_flash_read(const hi_u32 flash_offset, const hi_u32 size, hi_u8 *ram_data);
        ^~~~~~~~~~~~~
../../../vendor/hisilicon/hi3861/hals/utils/token/hal_token.c: In function 'ReadTokenWithFlag':
../../../vendor/hisilicon/hi3861/hals/utils/token/hal_token.c:150:11: warning: implicit declaration of function 'memset_s' [-Wimplicit-function-declaration]
     (void)memset_s(buf, buffLen, 0, buffLen);
           ^~~~~~~~
../../../vendor/hisilicon/hi3861/hals/utils/token/hal_token.c:171:11: warning: implicit declaration of function 'memcpy_s' [-Wimplicit-function-declaration]
     (void)memcpy_s(result, TOKEN_WITH_FLAG_SIZE, buf + TOKEN_MAGIC_NUM_SIZE, TOKEN_WITH_FLAG_SIZE);
           ^~~~~~~~
../../../vendor/hisilicon/hi3861/hals/utils/token/hal_token.c:146:77: warning: unused parameter 'len' [-Wunused-parameter]
 static int ReadTokenWithFlag(unsigned int start, char* result, unsigned int len)
                                                                             ^~~
../../../vendor/hisilicon/hi3861/hals/utils/token/hal_token.c: In function 'WriteTokenWithFlag':
../../../vendor/hisilicon/hi3861/hals/utils/token/hal_token.c:175:91: warning: unused parameter 'len' [-Wunused-parameter]
 static int WriteTokenWithFlag(unsigned int start, const char* tokenWithFlag, unsigned int len)
                                                                                           ^~~
../../../vendor/hisilicon/hi3861/hals/utils/token/hal_token.c: In function 'OEMReadToken':
../../../vendor/hisilicon/hi3861/hals/utils/token/hal_token.c:220:30: warning: comparison of unsigned expression < 0 is always false [-Wtype-limits]
     if (token == NULL || len < 0) {
                              ^
../../../vendor/hisilicon/hi3861/hals/utils/token/hal_token.c: In function 'OEMWriteToken':
../../../vendor/hisilicon/hi3861/hals/utils/token/hal_token.c:268:33: warning: comparison of unsigned expression < 0 is always false [-Wtype-limits]
     if ((token == NULL) || (len < 0)) {
                                 ^
../../../vendor/hisilicon/hi3861/hals/utils/token/hal_token.c: In function 'OEMGetAcKey':
../../../vendor/hisilicon/hi3861/hals/utils/token/hal_token.c:358:33: warning: comparison of unsigned expression < 0 is always false [-Wtype-limits]
     if ((acKey == NULL) || (len < 0)) {
                                 ^
../../../vendor/hisilicon/hi3861/hals/utils/token/hal_token.c: In function 'OEMGetProdId':
../../../vendor/hisilicon/hi3861/hals/utils/token/hal_token.c:376:37: warning: comparison of unsigned expression < 0 is always false [-Wtype-limits]
     if ((productId == NULL) || (len < 0)) {
                                     ^
../../../vendor/hisilicon/hi3861/hals/utils/token/hal_token.c:382:42: warning: implicit declaration of function 'strlen'; did you mean 'stdin'? [-Wimplicit-function-declaration]
     if (memcpy_s(productId, len, ProdId, strlen(ProdId)) != 0) {
                                          ^~~~~~
                                          stdin
../../../vendor/hisilicon/hi3861/hals/utils/token/hal_token.c: In function 'OEMGetProdKey':
../../../vendor/hisilicon/hi3861/hals/utils/token/hal_token.c:397:11: warning: implicit declaration of function 'memcpy'; did you mean 'fmemopen'? [-Wimplicit-function-declaration]
     (void)memcpy(productKey, productKeyBuf, len);
           ^~~~~~
           fmemopen
[199/206] AR libs/libhal_token_static.a
[200/206] AR libs/libtoken_static.a
[201/206] STAMP obj/base/startup/syspara_lite/frameworks/token/token.stamp
[202/206] STAMP obj/build/lite/ohos.stamp
[203/206] ACTION //build/lite:gen_rootfs(//build/lite/toolchain:riscv32-unknown-elf)
no need to make rootfs
[204/206] STAMP obj/build/lite/gen_rootfs.stamp
[205/206] ACTION //device/hisilicon/hi3861/sdk_liteos:run_wifiiot_scons(//build/lite/toolchain:riscv32-unknown-elf)
[206/206] STAMP obj/device/hisilicon/hi3861/sdk_liteos/run_wifiiot_scons.stamp
